2023-09-24 14:02:46,375 : WARN  : comm-pool-thread-1 :  : Node : CSV Reader : 3:1 : Please specify a file
2023-09-24 16:34:03,602 : ERROR : comm-pool-thread-3 :  : InitialDataService :  :  : {"internalError":{"typeName":"com.fasterxml.jackson.databind.JsonMappingException","message":"(was java.util.ConcurrentModificationException) (through reference chain: org.knime.core.webui.node.view.table.data.TableViewInitialDataImpl[\"dataTypes\"])","stackTrace":["com.fasterxml.jackson.databind.JsonMappingException.wrapWithPath(JsonMappingException.java:392)","com.fasterxml.jackson.databind.JsonMappingException.wrapWithPath(JsonMappingException.java:351)","com.fasterxml.jackson.databind.ser.std.StdSerializer.wrapAndThrow(StdSerializer.java:316)","com.fasterxml.jackson.databind.ser.std.BeanSerializerBase.serializeFields(BeanSerializerBase.java:782)","com.fasterxml.jackson.databind.ser.BeanSerializer.serialize(BeanSerializer.java:178)","com.fasterxml.jackson.databind.ser.DefaultSerializerProvider._serialize(DefaultSerializerProvider.java:480)","com.fasterxml.jackson.databind.ser.DefaultSerializerProvider.serializeValue(DefaultSerializerProvider.java:319)","com.fasterxml.jackson.databind.ObjectMapper._writeValueAndClose(ObjectMapper.java:4568)","com.fasterxml.jackson.databind.ObjectMapper.writeValueAsString(ObjectMapper.java:3821)","org.knime.core.webui.node.dialog.defaultdialog.DefaultNodeSettingsSerializer.serialize(DefaultNodeSettingsSerializer.java:76)","org.knime.core.webui.data.InitialDataService.getInitialData(InitialDataService.java:115)","org.knime.core.webui.node.AbstractNodeUIManager.callInitialDataService(AbstractNodeUIManager.java:170)","org.knime.gateway.api.entity.NodeUIExtensionEnt.<init>(NodeUIExtensionEnt.java:118)","org.knime.gateway.api.entity.NodeUIExtensionEnt.<init>(NodeUIExtensionEnt.java:88)","org.knime.gateway.api.entity.PortViewEnt.<init>(PortViewEnt.java:67)","org.knime.gateway.impl.webui.service.DefaultPortService.getPortView(DefaultPortService.java:129)","org.knime.gateway.impl.webui.jsonrpc.service.JsonRpcPortServiceWrapper.getPortView(JsonRpcPortServiceWrapper.java:100)","java.base/jdk.internal.reflect.NativeMethodAccessorImpl.invoke0(Native Method)","java.base/jdk.internal.reflect.NativeMethodAccessorImpl.invoke(Unknown Source)","java.base/jdk.internal.reflect.DelegatingMethodAccessorImpl.invoke(Unknown Source)","java.base/java.lang.reflect.Method.invoke(Unknown Source)","com.googlecode.jsonrpc4j.JsonRpcBasicServer.invoke(JsonRpcBasicServer.java:478)","com.googlecode.jsonrpc4j.JsonRpcBasicServer.handleObject(JsonRpcBasicServer.java:349)","com.googlecode.jsonrpc4j.JsonRpcBasicServer.handleJsonNodeRequest(JsonRpcBasicServer.java:274)","com.googlecode.jsonrpc4j.JsonRpcBasicServer.handleRequest(JsonRpcBasicServer.java:242)","org.knime.gateway.impl.jsonrpc.JsonRpcRequestHandler.handle(JsonRpcRequestHandler.java:104)","org.knime.ui.java.browser.lifecycle.Init.lambda$5(Init.java:243)","com.equo.comm.common.MessageHandler.processReceivedEventMessage(MessageHandler.java:131)","com.equo.comm.ee.provider.service.ChromiumService.receiveMessage(ChromiumService.java:98)","com.equo.comm.ee.provider.CommunicationManagerChromiumImpl.receiveMessage(CommunicationManagerChromiumImpl.java:48)","com.equo.chromium.swt.internal.spi.CommRouterHandler.handleRequest(CommRouterHandler.java:35)","com.equo.chromium.swt.internal.spi.CommRouterHandler.lambda$1(CommRouterHandler.java:53)","java.base/java.util.concurrent.ThreadPoolExecutor.runWorker(Unknown Source)","java.base/java.util.concurrent.ThreadPoolExecutor$Worker.run(Unknown Source)","java.base/java.lang.Thread.run(Unknown Source)"]}}
2023-09-24 16:37:10,198 : WARN  : comm-pool-thread-4 :  : Node : CSV Reader : 3:1 : Please specify a file
2023-09-24 16:37:17,821 : WARN  : comm-pool-thread-4 :  : Node : CSV Reader : 3:1 : Please specify a file
2023-09-24 16:38:24,143 : WARN  : comm-pool-thread-4 :  : Node : Row Filter : 3:2 : No row filter specified
2023-09-24 16:39:13,463 : WARN  : main :  : WrappedNodeDialog : Row Filter : 3:2 : failed to apply settings: Enter a valid pattern to match
org.knime.core.node.InvalidSettingsException: Enter a valid pattern to match
	at org.knime.base.node.preproc.filter.row.ColumnRowFilterPanel.createFilter(ColumnRowFilterPanel.java:809)
	at org.knime.base.node.preproc.filter.row.RowFilterNodeDialogPane.saveSettingsTo(RowFilterNodeDialogPane.java:339)
	at org.knime.core.node.NodeDialogPane.internalSaveSettingsTo(NodeDialogPane.java:539)
	at org.knime.core.node.NodeDialogPane$4.run(NodeDialogPane.java:778)
	at org.knime.core.node.util.ViewUtils$3.run(ViewUtils.java:353)
	at org.knime.core.node.util.ViewUtils$2.run(ViewUtils.java:155)
	at java.desktop/java.awt.event.InvocationEvent.dispatch(Unknown Source)
	at java.desktop/java.awt.EventQueue.dispatchEventImpl(Unknown Source)
	at java.desktop/java.awt.EventQueue$4.run(Unknown Source)
	at java.desktop/java.awt.EventQueue$4.run(Unknown Source)
	at java.base/java.security.AccessController.doPrivileged(Unknown Source)
	at java.base/java.security.ProtectionDomain$JavaSecurityAccessImpl.doIntersectionPrivilege(Unknown Source)
	at java.desktop/java.awt.EventQueue.dispatchEvent(Unknown Source)
	at java.desktop/java.awt.EventDispatchThread.pumpOneEventForFilters(Unknown Source)
	at java.desktop/java.awt.EventDispatchThread.pumpEventsForFilter(Unknown Source)
	at java.desktop/java.awt.EventDispatchThread.pumpEventsForHierarchy(Unknown Source)
	at java.desktop/java.awt.EventDispatchThread.pumpEvents(Unknown Source)
	at java.desktop/java.awt.EventDispatchThread.pumpEvents(Unknown Source)
	at java.desktop/java.awt.EventDispatchThread.run(Unknown Source)
2023-09-24 16:39:43,874 : WARN  : comm-pool-thread-4 :  : Node : Row Filter : 3:2 : No row filter specified
2023-09-24 16:57:19,744 : WARN  : comm-pool-thread-15 :  : Node : Decision Tree Learner : 3:4 : Guessing target column: "Embarked".
2023-09-24 16:59:11,779 : WARN  : KNIME-Worker-12-Decision Tree Learner 3:4 :  : Node : Decision Tree Learner : 3:4 : 2 rows removed due to missing class value;
2023-09-24 17:00:34,251 : WARN  : comm-pool-thread-16 :  : Node : Scorer : 3:6 : No columns selected yet.
2023-09-24 17:01:04,692 : WARN  : KNIME-Worker-17-Decision Tree Learner 3:4 :  : Node : Decision Tree Learner : 3:4 : 2 rows removed due to missing class value;
2023-09-24 17:03:05,524 : WARN  : comm-pool-thread-17 :  : Node : Scorer : 3:6 : No columns selected yet.
2023-09-24 17:14:14,089 : ERROR : main :  : CEFNodeView :  :  : TypeError: Cannot read properties of undefined (reading 'map') (source: http://org.knime.js.pagebuilder/org/knime/core/ui/pagebuilder/app/assets/apWrapper-6b011fa9.js; line: 1)
2023-09-24 17:14:14,089 : ERROR : main :  : CEFNodeView :  :  : TypeError: Failed to execute 'observe' on 'ResizeObserver': parameter 1 is not of type 'Element'. (source: http://org.knime.js.pagebuilder/org/knime/core/ui/pagebuilder/app/assets/apWrapper-6b011fa9.js; line: 1)
2023-09-24 17:14:14,103 : ERROR : main :  : CEFNodeView :  :  : Uncaught (in promise) TypeError: Failed to execute 'observe' on 'ResizeObserver': parameter 1 is not of type 'Element'. (source: http://org.knime.core.ui.view/uiext/tableview/TableView.umd.js; line: 10)
2023-09-28 14:46:58,359 : WARN  : ModalContext :  : Node : Decision Tree Learner : 3:4 : 2 rows removed due to missing class value;
2023-09-28 14:49:17,637 : WARN  : main :  : Node : Scorer : 3:6 : Column 'Prediction (Embarked)' not found.
2023-09-28 14:49:18,557 : WARN  : main :  : Node : Scorer : 3:6 : Column 'Prediction (Embarked)' not found.
2023-09-28 14:49:21,010 : WARN  : comm-pool-thread-4 :  : Node : Scorer : 3:6 : Column 'Prediction (Embarked)' not found.
2023-09-28 14:49:23,076 : WARN  : KNIME-Worker-2-CSV Reader 3:1 :  : Node : Scorer : 3:6 : Column 'Prediction (Embarked)' not found.
2023-09-28 14:49:38,501 : WARN  : KNIME-Worker-2-Decision Tree Predictor 3:5 :  : Node : Scorer : 3:6 : Column 'Prediction (Embarked)' not found.
2023-10-01 15:55:46,327 : WARN  : ModalContext :  : Node : Decision Tree Learner : 3:4 : 2 rows removed due to missing class value;
2023-10-01 15:59:30,491 : WARN  : comm-pool-thread-4 :  : Node : Excel Reader : 4:1 : Please specify a file
2023-10-01 15:59:31,597 : WARN  : comm-pool-thread-4 :  : Node : CSV Reader : 4:2 : Please specify a file
2023-10-01 15:59:57,029 : WARN  : main :  : Node : Excel Reader : 4:1 : The node configuration changed and the table spec will be recalculated during execution.
2023-10-01 15:59:57,853 : WARN  : main :  : Node : Excel Reader : 4:1 : The node configuration changed and the table spec will be recalculated during execution.
2023-10-01 16:00:19,416 : ERROR : comm-pool-thread-4 :  : InitialDataService :  :  : {"internalError":{"typeName":"com.fasterxml.jackson.databind.JsonMappingException","message":"(was java.util.ConcurrentModificationException) (through reference chain: org.knime.core.webui.node.view.table.data.TableViewInitialDataImpl[\"dataTypes\"])","stackTrace":["com.fasterxml.jackson.databind.JsonMappingException.wrapWithPath(JsonMappingException.java:392)","com.fasterxml.jackson.databind.JsonMappingException.wrapWithPath(JsonMappingException.java:351)","com.fasterxml.jackson.databind.ser.std.StdSerializer.wrapAndThrow(StdSerializer.java:316)","com.fasterxml.jackson.databind.ser.std.BeanSerializerBase.serializeFields(BeanSerializerBase.java:782)","com.fasterxml.jackson.databind.ser.BeanSerializer.serialize(BeanSerializer.java:178)","com.fasterxml.jackson.databind.ser.DefaultSerializerProvider._serialize(DefaultSerializerProvider.java:480)","com.fasterxml.jackson.databind.ser.DefaultSerializerProvider.serializeValue(DefaultSerializerProvider.java:319)","com.fasterxml.jackson.databind.ObjectMapper._writeValueAndClose(ObjectMapper.java:4568)","com.fasterxml.jackson.databind.ObjectMapper.writeValueAsString(ObjectMapper.java:3821)","org.knime.core.webui.node.dialog.defaultdialog.DefaultNodeSettingsSerializer.serialize(DefaultNodeSettingsSerializer.java:76)","org.knime.core.webui.data.InitialDataService.getInitialData(InitialDataService.java:115)","org.knime.core.webui.node.AbstractNodeUIManager.callInitialDataService(AbstractNodeUIManager.java:170)","org.knime.gateway.api.entity.NodeUIExtensionEnt.<init>(NodeUIExtensionEnt.java:118)","org.knime.gateway.api.entity.NodeUIExtensionEnt.<init>(NodeUIExtensionEnt.java:88)","org.knime.gateway.api.entity.PortViewEnt.<init>(PortViewEnt.java:67)","org.knime.gateway.impl.webui.service.DefaultPortService.getPortView(DefaultPortService.java:129)","org.knime.gateway.impl.webui.jsonrpc.service.JsonRpcPortServiceWrapper.getPortView(JsonRpcPortServiceWrapper.java:100)","java.base/jdk.internal.reflect.NativeMethodAccessorImpl.invoke0(Native Method)","java.base/jdk.internal.reflect.NativeMethodAccessorImpl.invoke(Unknown Source)","java.base/jdk.internal.reflect.DelegatingMethodAccessorImpl.invoke(Unknown Source)","java.base/java.lang.reflect.Method.invoke(Unknown Source)","com.googlecode.jsonrpc4j.JsonRpcBasicServer.invoke(JsonRpcBasicServer.java:478)","com.googlecode.jsonrpc4j.JsonRpcBasicServer.handleObject(JsonRpcBasicServer.java:349)","com.googlecode.jsonrpc4j.JsonRpcBasicServer.handleJsonNodeRequest(JsonRpcBasicServer.java:274)","com.googlecode.jsonrpc4j.JsonRpcBasicServer.handleRequest(JsonRpcBasicServer.java:242)","org.knime.gateway.impl.jsonrpc.JsonRpcRequestHandler.handle(JsonRpcRequestHandler.java:104)","org.knime.ui.java.browser.lifecycle.Init.lambda$5(Init.java:243)","com.equo.comm.common.MessageHandler.processReceivedEventMessage(MessageHandler.java:131)","com.equo.comm.ee.provider.service.ChromiumService.receiveMessage(ChromiumService.java:98)","com.equo.comm.ee.provider.CommunicationManagerChromiumImpl.receiveMessage(CommunicationManagerChromiumImpl.java:48)","com.equo.chromium.swt.internal.spi.CommRouterHandler.handleRequest(CommRouterHandler.java:35)","com.equo.chromium.swt.internal.spi.CommRouterHandler.lambda$1(CommRouterHandler.java:53)","java.base/java.util.concurrent.ThreadPoolExecutor.runWorker(Unknown Source)","java.base/java.util.concurrent.ThreadPoolExecutor$Worker.run(Unknown Source)","java.base/java.lang.Thread.run(Unknown Source)"]}}
2023-10-01 16:03:45,356 : WARN  : KNIME-Worker-4-Excel Reader 4:1 :  : Node : Joiner : 4:3 : No join columns passed.
2023-10-01 16:09:20,433 : WARN  : comm-pool-thread-7 :  : Node : Excel Reader : 4:1 : The node configuration changed and the table spec will be recalculated during execution.
2023-10-01 16:14:16,918 : WARN  : comm-pool-thread-11 :  : Node : Excel Reader : 4:1 : The node configuration changed and the table spec will be recalculated during execution.
2023-10-01 16:14:18,668 : WARN  : KNIME-Worker-8-String To Number 4:4 :  : Node : String To Number : 4:4 : Problems in 9999 rows, first error: "382-4657" in cell ["Row0_Row0", column "Phone", row 1] can not be transformed into a number
2023-10-01 16:14:18,674 : WARN  : KNIME-Worker-8-String To Number 4:4 :  : Node : String To Number : 4:4 : Problems in 9999 rows, first error: "382-4657" in cell ["Row0_Row0", column "Phone", row 1] can not be transformed into a number
  RowID   |   ..   | Area Code |  Phone   | Account Length
----------------------------------------------------------
Row0_Row0 | ..     | 415       | 382-4657 | 128           
                                ^^^^^^^^^
For input string: "382-4657"
2023-10-01 16:19:30,318 : WARN  : comm-pool-thread-13 :  : Node : Excel Reader : 4:1 : The node configuration changed and the table spec will be recalculated during execution.
2023-10-01 16:21:34,087 : WARN  : comm-pool-thread-15 :  : Node : Excel Reader : 4:1 : The node configuration changed and the table spec will be recalculated during execution.
2023-10-01 16:21:36,753 : WARN  : main :  : ImportURI :  :  : Can't import object from URI 'Carregar, no
Knime, ambos os
datasets. Utilizar um nodo
Joiner para agregar, por “
area code” e
“
phone”, os dados provenientes das duas
readers. Transformar o atributo
Churn em nominal;'. Not a valid URL nor a valid path.
java.net.URISyntaxException: Illegal character in path at index 9: Carregar, no
Knime, ambos os
datasets. Utilizar um nodo
Joiner para agregar, por “
area code” e
“
phone”, os dados provenientes das duas
readers. Transformar o atributo
Churn em nominal;
	at java.base/java.net.URI$Parser.fail(Unknown Source)
	at java.base/java.net.URI$Parser.checkChars(Unknown Source)
	at java.base/java.net.URI$Parser.parseHierarchical(Unknown Source)
	at java.base/java.net.URI$Parser.parse(Unknown Source)
	at java.base/java.net.URI.<init>(Unknown Source)
	at org.knime.ui.java.api.ImportURI.getEntityImport(ImportURI.java:152)
	at org.knime.ui.java.api.ImportURI.importURIAtWorkflowCanvas(ImportURI.java:240)
	at org.knime.ui.java.api.ImportAPI.importURIAtWorkflowCanvas(ImportAPI.java:123)
	at java.base/jdk.internal.reflect.NativeMethodAccessorImpl.invoke0(Native Method)
	at java.base/jdk.internal.reflect.NativeMethodAccessorImpl.invoke(Unknown Source)
	at java.base/jdk.internal.reflect.DelegatingMethodAccessorImpl.invoke(Unknown Source)
	at java.base/java.lang.reflect.Method.invoke(Unknown Source)
	at org.knime.ui.java.api.DesktopAPI.lambda$0(DesktopAPI.java:128)
	at org.knime.ui.java.browser.KnimeBrowserFunction.function(KnimeBrowserFunction.java:80)
	at com.equo.chromium.swt.internal.Chromium$FunctionsResourceHandler.lambda$0(Chromium.java:359)
	at org.eclipse.swt.widgets.RunnableLock.run(RunnableLock.java:40)
	at org.eclipse.swt.widgets.Synchronizer.runAsyncMessages(Synchronizer.java:132)
	at org.eclipse.swt.widgets.Display.runAsyncMessages(Display.java:4029)
	at org.eclipse.swt.widgets.Display.readAndDispatch(Display.java:3645)
	at org.eclipse.e4.ui.internal.workbench.swt.PartRenderingEngine$5.run(PartRenderingEngine.java:1155)
	at org.eclipse.core.databinding.observable.Realm.runWithDefault(Realm.java:338)
	at org.eclipse.e4.ui.internal.workbench.swt.PartRenderingEngine.run(PartRenderingEngine.java:1046)
	at org.eclipse.e4.ui.internal.workbench.E4Workbench.createAndRunUI(E4Workbench.java:155)
	at org.eclipse.ui.internal.Workbench.lambda$3(Workbench.java:643)
	at org.eclipse.core.databinding.observable.Realm.runWithDefault(Realm.java:338)
	at org.eclipse.ui.internal.Workbench.createAndRunWorkbench(Workbench.java:550)
	at org.eclipse.ui.PlatformUI.createAndRunWorkbench(PlatformUI.java:171)
	at org.knime.product.rcp.KNIMEApplication.start(KNIMEApplication.java:193)
	at org.eclipse.equinox.internal.app.EclipseAppHandle.run(EclipseAppHandle.java:203)
	at org.eclipse.core.runtime.internal.adaptor.EclipseAppLauncher.runApplication(EclipseAppLauncher.java:136)
	at org.eclipse.core.runtime.internal.adaptor.EclipseAppLauncher.start(EclipseAppLauncher.java:104)
	at org.eclipse.core.runtime.adaptor.EclipseStarter.run(EclipseStarter.java:402)
	at org.eclipse.core.runtime.adaptor.EclipseStarter.run(EclipseStarter.java:255)
	at java.base/jdk.internal.reflect.NativeMethodAccessorImpl.invoke0(Native Method)
	at java.base/jdk.internal.reflect.NativeMethodAccessorImpl.invoke(Unknown Source)
	at java.base/jdk.internal.reflect.DelegatingMethodAccessorImpl.invoke(Unknown Source)
	at java.base/java.lang.reflect.Method.invoke(Unknown Source)
	at org.eclipse.equinox.launcher.Main.invokeFramework(Main.java:659)
	at org.eclipse.equinox.launcher.Main.basicRun(Main.java:596)
	at org.eclipse.equinox.launcher.Main.run(Main.java:1467)
2023-10-01 16:21:37,883 : WARN  : comm-pool-thread-15 :  : Node : Excel Reader : 4:1 : The node configuration changed and the table spec will be recalculated during execution.
2023-10-01 16:55:56,133 : WARN  : comm-pool-thread-24 :  : Node : Numeric Binner : 4:4 : No column select for binning.
2023-10-01 17:01:18,058 : WARN  : comm-pool-thread-26 :  : JsonRpcErrorResolver :  :  : An unexpected json rpc error occurred
java.lang.IllegalStateException: New meta port information array does not include currently connected ports, unseen connection: WFMOUT[4:5:4(1) -> 4:5( 0)]
	at org.knime.core.node.workflow.Workflow.changeDestinationPortsForMetaNode(Workflow.java:1227)
	at org.knime.core.node.workflow.WorkflowManager.changeMetaNodeOutputPorts(WorkflowManager.java:1958)
	at org.knime.gateway.impl.webui.service.commands.EditContainerNodePorts.updateOutputPorts(EditContainerNodePorts.java:222)
	at org.knime.gateway.impl.webui.service.commands.EditContainerNodePorts.updatePorts(EditContainerNodePorts.java:164)
	at org.knime.gateway.impl.webui.service.commands.EditContainerNodePorts.undo(EditContainerNodePorts.java:123)
	at org.knime.gateway.impl.webui.service.commands.AbstractPortCommand.undo(AbstractPortCommand.java:78)
	at org.knime.gateway.impl.webui.service.commands.WorkflowCommands.undo(WorkflowCommands.java:315)
	at org.knime.gateway.impl.webui.service.DefaultWorkflowService.undoWorkflowCommand(DefaultWorkflowService.java:133)
	at org.knime.gateway.impl.webui.jsonrpc.service.JsonRpcWorkflowServiceWrapper.undoWorkflowCommand(JsonRpcWorkflowServiceWrapper.java:131)
	at java.base/jdk.internal.reflect.NativeMethodAccessorImpl.invoke0(Native Method)
	at java.base/jdk.internal.reflect.NativeMethodAccessorImpl.invoke(Unknown Source)
	at java.base/jdk.internal.reflect.DelegatingMethodAccessorImpl.invoke(Unknown Source)
	at java.base/java.lang.reflect.Method.invoke(Unknown Source)
	at com.googlecode.jsonrpc4j.JsonRpcBasicServer.invoke(JsonRpcBasicServer.java:478)
	at com.googlecode.jsonrpc4j.JsonRpcBasicServer.handleObject(JsonRpcBasicServer.java:349)
	at com.googlecode.jsonrpc4j.JsonRpcBasicServer.handleJsonNodeRequest(JsonRpcBasicServer.java:274)
	at com.googlecode.jsonrpc4j.JsonRpcBasicServer.handleRequest(JsonRpcBasicServer.java:242)
	at org.knime.gateway.impl.jsonrpc.JsonRpcRequestHandler.handle(JsonRpcRequestHandler.java:104)
	at org.knime.ui.java.browser.lifecycle.Init.lambda$5(Init.java:243)
	at com.equo.comm.common.MessageHandler.processReceivedEventMessage(MessageHandler.java:131)
	at com.equo.comm.ee.provider.service.ChromiumService.receiveMessage(ChromiumService.java:98)
	at com.equo.comm.ee.provider.CommunicationManagerChromiumImpl.receiveMessage(CommunicationManagerChromiumImpl.java:48)
	at com.equo.chromium.swt.internal.spi.CommRouterHandler.handleRequest(CommRouterHandler.java:35)
	at com.equo.chromium.swt.internal.spi.CommRouterHandler.lambda$1(CommRouterHandler.java:53)
	at java.base/java.util.concurrent.ThreadPoolExecutor.runWorker(Unknown Source)
	at java.base/java.util.concurrent.ThreadPoolExecutor$Worker.run(Unknown Source)
	at java.base/java.lang.Thread.run(Unknown Source)
2023-10-01 22:54:24,668 : WARN  : comm-pool-thread-3 :  : Node : Decision Tree Learner : 3:5 : Guessing target column: "Phone (right)".
2023-10-01 22:54:41,935 : WARN  : comm-pool-thread-5 :  : Node : Partitioning : 3:6 : No sampling method selected
2023-10-01 22:58:33,400 : WARN  : comm-pool-thread-3 :  : Node : Scorer : 3:9 : No columns selected yet.
2023-10-01 22:58:55,593 : WARN  : comm-pool-thread-3 :  : Node : Scorer : 3:9 : No columns selected yet.
2023-10-01 22:58:55,595 : WARN  : comm-pool-thread-3 :  : Node : Scorer : 3:9 : No columns selected yet.
2023-10-01 22:58:57,081 : WARN  : KNIME-Worker-7-CSV Reader 3:2 :  : Node : Scorer : 3:9 : No columns selected yet.
2023-10-01 22:58:57,208 : WARN  : KNIME-Worker-8-Excel Reader 3:1 :  : Node : Scorer : 3:9 : No columns selected yet.
2023-10-01 22:58:57,411 : WARN  : KNIME-Worker-7-Decision Tree Predictor 3:7 :  : Node : Scorer : 3:9 : No columns selected yet.
2023-10-01 22:59:09,238 : WARN  : main :  : WrappedNodeDialog : Scorer : 3:9 : failed to apply settings: First and second column cannot be the same.
org.knime.core.node.InvalidSettingsException: First and second column cannot be the same.
	at org.knime.base.node.mine.scorer.accuracy.AccuracyScorer2NodeDialog.saveSettingsTo(AccuracyScorer2NodeDialog.java:349)
	at org.knime.core.node.NodeDialogPane.internalSaveSettingsTo(NodeDialogPane.java:539)
	at org.knime.core.node.NodeDialogPane$4.run(NodeDialogPane.java:778)
	at org.knime.core.node.util.ViewUtils$3.run(ViewUtils.java:353)
	at org.knime.core.node.util.ViewUtils$2.run(ViewUtils.java:155)
	at java.desktop/java.awt.event.InvocationEvent.dispatch(Unknown Source)
	at java.desktop/java.awt.EventQueue.dispatchEventImpl(Unknown Source)
	at java.desktop/java.awt.EventQueue$4.run(Unknown Source)
	at java.desktop/java.awt.EventQueue$4.run(Unknown Source)
	at java.base/java.security.AccessController.doPrivileged(Unknown Source)
	at java.base/java.security.ProtectionDomain$JavaSecurityAccessImpl.doIntersectionPrivilege(Unknown Source)
	at java.desktop/java.awt.EventQueue.dispatchEvent(Unknown Source)
	at java.desktop/java.awt.EventDispatchThread.pumpOneEventForFilters(Unknown Source)
	at java.desktop/java.awt.EventDispatchThread.pumpEventsForFilter(Unknown Source)
	at java.desktop/java.awt.EventDispatchThread.pumpEventsForHierarchy(Unknown Source)
	at java.desktop/java.awt.EventDispatchThread.pumpEvents(Unknown Source)
	at java.desktop/java.awt.EventDispatchThread.pumpEvents(Unknown Source)
	at java.desktop/java.awt.EventDispatchThread.run(Unknown Source)
2023-10-01 22:59:25,736 : WARN  : KNIME-Worker-8-Scorer 3:9 :  : Node : Scorer : 3:9 : There were missing values in the reference or in the prediction class columns.
2023-10-01 22:59:25,740 : WARN  : KNIME-Worker-8-Scorer 3:9 :  : Node : Statistics : 3:8 : The selected column "VMail Message" does not exist in the table
2023-10-01 22:59:49,346 : WARN  : KNIME-Worker-5-Scorer 3:9 :  : Node : Scorer : 3:9 : There were missing values in the reference or in the prediction class columns.
2023-10-01 22:59:49,778 : WARN  : KNIME-Worker-5-Scorer 3:9 :  : Node : Statistics : 3:8 : The selected column "VMail Message" does not exist in the table
2023-10-01 23:00:11,427 : WARN  : KNIME-Worker-8-Scorer 3:9 :  : Node : Scorer : 3:9 : There were missing values in the reference or in the prediction class columns.
2023-10-01 23:00:11,431 : WARN  : KNIME-Worker-8-Scorer 3:9 :  : Node : Statistics : 3:8 : The selected column "VMail Message" does not exist in the table
2023-10-01 23:00:34,880 : WARN  : KNIME-Worker-8-Scorer 3:9 :  : Node : Scorer : 3:9 : There were missing values in the reference or in the prediction class columns.
2023-10-01 23:00:34,885 : WARN  : KNIME-Worker-8-Scorer 3:9 :  : Node : Statistics : 3:8 : The selected column "VMail Message" does not exist in the table
2023-10-02 15:12:12,526 : WARN  : ModalContext :  : Node : Scorer : 3:9 : There were missing values in the reference or in the prediction class columns.
2023-10-02 15:13:46,517 : WARN  : KNIME-Worker-0-Scorer 3:9 :  : Node : Scorer : 3:9 : There were missing values in the reference or in the prediction class columns.
2023-10-02 15:14:33,757 : WARN  : KNIME-Worker-2-Scorer 3:9 :  : Node : Scorer : 3:9 : There were missing values in the reference or in the prediction class columns.
2023-10-02 15:17:42,275 : WARN  : comm-pool-thread-5 :  : Node : Pie Chart : 3:10 : Table contains no compatible (nominal) category columns
2023-10-02 15:17:56,317 : WARN  : comm-pool-thread-4 :  : Node : Pie Chart : 3:10 : Table contains no compatible (nominal) category columns
2023-10-02 15:20:12,225 : WARN  : comm-pool-thread-6 :  : Node : Bar Chart : 3:10 : Table contains no compatible (nominal) category columns
2023-10-02 15:20:22,599 : WARN  : comm-pool-thread-6 :  : Node : Bar Chart : 3:10 : Table contains no compatible (nominal) category columns
2023-10-02 15:20:45,589 : WARN  : comm-pool-thread-6 :  : Node : Bar Chart : 3:10 : Table contains no compatible (nominal) category columns
2023-10-02 15:20:49,260 : WARN  : comm-pool-thread-6 :  : Node : Bar Chart : 3:10 : Table contains no compatible (nominal) category columns
2023-10-02 15:20:50,258 : WARN  : KNIME-Worker-3-Scorer 3:9 :  : Node : Scorer : 3:9 : There were missing values in the reference or in the prediction class columns.
2023-10-02 15:20:50,262 : WARN  : KNIME-Worker-3-Scorer 3:9 :  : Node : Bar Chart : 3:10 : Table contains no compatible (nominal) category columns
2023-10-02 15:21:15,881 : WARN  : comm-pool-thread-6 :  : Node : Bar Chart : 3:10 : Table contains no compatible (nominal) category columns
2023-10-02 15:21:32,178 : WARN  : comm-pool-thread-6 :  : Node : Bar Chart : 3:10 : Table contains no compatible (nominal) category columns
2023-10-02 15:25:13,365 : WARN  : comm-pool-thread-6 :  : Node : Pie Chart : 3:11 : The selected category column "Prediction (Churn)" does not exist in the table
2023-10-02 15:25:17,161 : WARN  : comm-pool-thread-6 :  : Node : Pie Chart : 3:11 : The selected category column "Prediction (Churn)" does not exist in the table
2023-10-02 15:25:45,070 : WARN  : main :  : WrappedNodeDialog : Scorer : 3:9 : failed to apply settings: First and second column cannot be the same.
org.knime.core.node.InvalidSettingsException: First and second column cannot be the same.
	at org.knime.base.node.mine.scorer.accuracy.AccuracyScorer2NodeDialog.saveSettingsTo(AccuracyScorer2NodeDialog.java:349)
	at org.knime.core.node.NodeDialogPane.internalSaveSettingsTo(NodeDialogPane.java:539)
	at org.knime.core.node.NodeDialogPane$4.run(NodeDialogPane.java:778)
	at org.knime.core.node.util.ViewUtils$3.run(ViewUtils.java:353)
	at org.knime.core.node.util.ViewUtils$2.run(ViewUtils.java:155)
	at java.desktop/java.awt.event.InvocationEvent.dispatch(Unknown Source)
	at java.desktop/java.awt.EventQueue.dispatchEventImpl(Unknown Source)
	at java.desktop/java.awt.EventQueue$4.run(Unknown Source)
	at java.desktop/java.awt.EventQueue$4.run(Unknown Source)
	at java.base/java.security.AccessController.doPrivileged(Unknown Source)
	at java.base/java.security.ProtectionDomain$JavaSecurityAccessImpl.doIntersectionPrivilege(Unknown Source)
	at java.desktop/java.awt.EventQueue.dispatchEvent(Unknown Source)
	at java.desktop/java.awt.EventDispatchThread.pumpOneEventForFilters(Unknown Source)
	at java.desktop/java.awt.EventDispatchThread.pumpEventsForFilter(Unknown Source)
	at java.desktop/java.awt.EventDispatchThread.pumpEventsForHierarchy(Unknown Source)
	at java.desktop/java.awt.EventDispatchThread.pumpEvents(Unknown Source)
	at java.desktop/java.awt.EventDispatchThread.pumpEvents(Unknown Source)
	at java.desktop/java.awt.EventDispatchThread.run(Unknown Source)
2023-10-02 15:25:55,382 : WARN  : comm-pool-thread-6 :  : Node : Pie Chart : 3:11 : The selected category column "Prediction (Churn)" does not exist in the table
2023-10-02 15:25:55,385 : WARN  : comm-pool-thread-6 :  : Node : Pie Chart : 3:11 : The selected category column "Prediction (Churn)" does not exist in the table
2023-10-02 15:25:57,649 : WARN  : KNIME-Worker-8-Scorer 3:9 :  : Node : Scorer : 3:9 : There were missing values in the reference or in the prediction class columns.
2023-10-02 15:25:57,654 : WARN  : KNIME-Worker-8-Scorer 3:9 :  : Node : Pie Chart : 3:11 : The selected category column "Prediction (Churn)" does not exist in the table
2023-10-02 15:26:06,389 : WARN  : comm-pool-thread-6 :  : Node : Pie Chart : 3:11 : The selected category column "Prediction (Churn)" does not exist in the table
2023-10-02 17:58:18,687 : WARN  : KNIME-Worker-34-Scorer 3:9 :  : Node : Scorer : 3:9 : There were missing values in the reference or in the prediction class columns.
2023-10-02 17:58:37,707 : WARN  : KNIME-Worker-33-Scorer 3:9 :  : Node : Scorer : 3:9 : There were missing values in the reference or in the prediction class columns.
2023-10-02 17:58:46,285 : WARN  : KNIME-Worker-32-Scorer 3:9 :  : Node : Scorer : 3:9 : There were missing values in the reference or in the prediction class columns.
2023-10-02 17:59:05,202 : WARN  : KNIME-Worker-34-Scorer 3:9 :  : Node : Scorer : 3:9 : There were missing values in the reference or in the prediction class columns.
2023-10-02 17:59:11,276 : WARN  : KNIME-Worker-33-Scorer 3:9 :  : Node : Scorer : 3:9 : There were missing values in the reference or in the prediction class columns.
2023-10-02 17:59:16,119 : WARN  : KNIME-Worker-32-Scorer 3:9 :  : Node : Scorer : 3:9 : There were missing values in the reference or in the prediction class columns.
2023-10-02 17:59:21,005 : WARN  : KNIME-Worker-34-Scorer 3:9 :  : Node : Scorer : 3:9 : There were missing values in the reference or in the prediction class columns.
2023-10-02 18:00:36,309 : WARN  : KNIME-Worker-33-Scorer 3:9 :  : Node : Scorer : 3:9 : There were missing values in the reference or in the prediction class columns.
2023-10-02 18:00:38,936 : WARN  : KNIME-Worker-32-Scorer 3:9 :  : Node : Scorer : 3:9 : There were missing values in the reference or in the prediction class columns.
2023-10-02 18:01:58,005 : WARN  : KNIME-Worker-33-Scorer 3:9 :  : Node : Scorer : 3:9 : There were missing values in the reference or in the prediction class columns.
2023-10-02 18:02:04,147 : WARN  : KNIME-Worker-32-Scorer 3:9 :  : Node : Scorer : 3:9 : There were missing values in the reference or in the prediction class columns.
2023-10-02 18:02:09,017 : WARN  : KNIME-Worker-34-Scorer 3:9 :  : Node : Scorer : 3:9 : There were missing values in the reference or in the prediction class columns.
2023-10-02 18:02:51,799 : WARN  : KNIME-Worker-33-Scorer 3:9 :  : Node : Scorer : 3:9 : There were missing values in the reference or in the prediction class columns.
2023-10-02 18:24:19,767 : WARN  : main :  : Node : Joiner : 3:3 : The join column names [Area Code] do not exist in the target table, which only specifies the column names [Account Length, Churn, Int'l Plan, VMail Plan, Phone]
2023-10-02 18:24:20,511 : WARN  : main :  : Node : Joiner : 3:3 : The join column names [Area Code] do not exist in the target table, which only specifies the column names [Account Length, Churn, Int'l Plan, VMail Plan, Phone]
2023-10-02 18:24:22,820 : WARN  : comm-pool-thread-32 :  : Node : Joiner : 3:3 : The join column names [Area Code] do not exist in the target table, which only specifies the column names [Account Length, Churn, Int'l Plan, VMail Plan, Phone]
2023-10-02 18:24:23,673 : WARN  : KNIME-Worker-35-CSV Reader 3:2 :  : Node : Joiner : 3:3 : The join column names [Area Code] do not exist in the target table, which only specifies the column names [Account Length, Churn, Int'l Plan, VMail Plan, Phone]
2023-10-02 18:24:23,731 : WARN  : KNIME-Worker-36-Excel Reader 3:1 :  : Node : Joiner : 3:3 : The join column names [Area Code] do not exist in the target table, which only specifies the column names [Account Length, Churn, Int'l Plan, VMail Plan, Phone]
2023-10-03 19:31:26,082 : WARN  : comm-pool-thread-7 :  : Node : Feature Selection Loop Start (1:1) : 3:11 : No constant columns selected. Are you sure you don't need a target column?
2023-10-03 19:38:19,069 : WARN  : comm-pool-thread-11 :  : Node : Feature Selection Loop Start (1:1) : 3:11 : No constant columns selected. Are you sure you don't need a target column?
2023-10-03 19:38:20,590 : WARN  : comm-pool-thread-11 :  : Node : Decision Tree Learner : 3:5 : Class column "Churn" not found or incompatible
2023-10-03 19:38:30,416 : WARN  : main :  : Node : Feature Selection Loop Start (1:1) : 3:11 : No constant columns selected. Are you sure you don't need a target column?
2023-10-03 19:38:30,417 : WARN  : main :  : Node : Decision Tree Learner : 3:5 : Class column "Churn" not found or incompatible
2023-10-03 19:38:31,106 : WARN  : main :  : Node : Feature Selection Loop Start (1:1) : 3:11 : No constant columns selected. Are you sure you don't need a target column?
2023-10-03 19:38:31,107 : WARN  : main :  : Node : Decision Tree Learner : 3:5 : Class column "Churn" not found or incompatible
2023-10-03 19:38:46,554 : WARN  : main :  : Node : Decision Tree Learner : 3:5 : Class column "Churn" not found or incompatible
2023-10-03 19:38:47,013 : WARN  : main :  : Node : Decision Tree Learner : 3:5 : Class column "Churn" not found or incompatible
2023-10-03 19:38:51,959 : WARN  : comm-pool-thread-11 :  : Node : Decision Tree Learner : 3:5 : Class column "Churn" not found or incompatible
2023-10-03 19:38:52,988 : WARN  : KNIME-Worker-2-CSV Reader 3:2 :  : Node : Decision Tree Learner : 3:5 : Class column "Churn" not found or incompatible
2023-10-03 19:38:53,660 : WARN  : KNIME-Worker-3-Excel Reader 3:1 :  : Node : Decision Tree Learner : 3:5 : Class column "Churn" not found or incompatible
2023-10-03 19:38:53,834 : WARN  : KNIME-Worker-2-Feature Selection Loop Start (1:1) 3:11 :  : Node : Decision Tree Learner : 3:5 : Class column "Churn" not found or incompatible
2023-10-03 19:38:53,879 : WARN  : KNIME-Worker-3-Partitioning 3:6 :  : Node : Decision Tree Learner : 3:5 : Class column "Churn" not found or incompatible
2023-10-03 19:39:13,625 : WARN  : main :  : ImportURI :  :  : Can't import object from URI 'feature selection loop knime'. Not a valid URL nor a valid path.
java.net.URISyntaxException: Illegal character in path at index 7: feature selection loop knime
	at java.base/java.net.URI$Parser.fail(Unknown Source)
	at java.base/java.net.URI$Parser.checkChars(Unknown Source)
	at java.base/java.net.URI$Parser.parseHierarchical(Unknown Source)
	at java.base/java.net.URI$Parser.parse(Unknown Source)
	at java.base/java.net.URI.<init>(Unknown Source)
	at org.knime.ui.java.api.ImportURI.getEntityImport(ImportURI.java:152)
	at org.knime.ui.java.api.ImportURI.importURIAtWorkflowCanvas(ImportURI.java:240)
	at org.knime.ui.java.api.ImportAPI.importURIAtWorkflowCanvas(ImportAPI.java:123)
	at java.base/jdk.internal.reflect.NativeMethodAccessorImpl.invoke0(Native Method)
	at java.base/jdk.internal.reflect.NativeMethodAccessorImpl.invoke(Unknown Source)
	at java.base/jdk.internal.reflect.DelegatingMethodAccessorImpl.invoke(Unknown Source)
	at java.base/java.lang.reflect.Method.invoke(Unknown Source)
	at org.knime.ui.java.api.DesktopAPI.lambda$0(DesktopAPI.java:128)
	at org.knime.ui.java.browser.KnimeBrowserFunction.function(KnimeBrowserFunction.java:80)
	at com.equo.chromium.swt.internal.Chromium$FunctionsResourceHandler.lambda$0(Chromium.java:359)
	at org.eclipse.swt.widgets.RunnableLock.run(RunnableLock.java:40)
	at org.eclipse.swt.widgets.Synchronizer.runAsyncMessages(Synchronizer.java:132)
	at org.eclipse.swt.widgets.Display.runAsyncMessages(Display.java:4029)
	at org.eclipse.swt.widgets.Display.readAndDispatch(Display.java:3645)
	at org.eclipse.e4.ui.internal.workbench.swt.PartRenderingEngine$5.run(PartRenderingEngine.java:1155)
	at org.eclipse.core.databinding.observable.Realm.runWithDefault(Realm.java:338)
	at org.eclipse.e4.ui.internal.workbench.swt.PartRenderingEngine.run(PartRenderingEngine.java:1046)
	at org.eclipse.e4.ui.internal.workbench.E4Workbench.createAndRunUI(E4Workbench.java:155)
	at org.eclipse.ui.internal.Workbench.lambda$3(Workbench.java:643)
	at org.eclipse.core.databinding.observable.Realm.runWithDefault(Realm.java:338)
	at org.eclipse.ui.internal.Workbench.createAndRunWorkbench(Workbench.java:550)
	at org.eclipse.ui.PlatformUI.createAndRunWorkbench(PlatformUI.java:171)
	at org.knime.product.rcp.KNIMEApplication.start(KNIMEApplication.java:193)
	at org.eclipse.equinox.internal.app.EclipseAppHandle.run(EclipseAppHandle.java:203)
	at org.eclipse.core.runtime.internal.adaptor.EclipseAppLauncher.runApplication(EclipseAppLauncher.java:136)
	at org.eclipse.core.runtime.internal.adaptor.EclipseAppLauncher.start(EclipseAppLauncher.java:104)
	at org.eclipse.core.runtime.adaptor.EclipseStarter.run(EclipseStarter.java:402)
	at org.eclipse.core.runtime.adaptor.EclipseStarter.run(EclipseStarter.java:255)
	at java.base/jdk.internal.reflect.NativeMethodAccessorImpl.invoke0(Native Method)
	at java.base/jdk.internal.reflect.NativeMethodAccessorImpl.invoke(Unknown Source)
	at java.base/jdk.internal.reflect.DelegatingMethodAccessorImpl.invoke(Unknown Source)
	at java.base/java.lang.reflect.Method.invoke(Unknown Source)
	at org.eclipse.equinox.launcher.Main.invokeFramework(Main.java:659)
	at org.eclipse.equinox.launcher.Main.basicRun(Main.java:596)
	at org.eclipse.equinox.launcher.Main.run(Main.java:1467)
2023-10-03 20:51:14,304 : WARN  : comm-pool-thread-14 :  : Node : Feature Selection Loop End : 3:12 : The defined score variable "" is not contained in the input flow variables.
2023-10-03 20:51:36,659 : WARN  : comm-pool-thread-14 :  : Node : Feature Selection Loop End : 3:12 : The defined score variable "" is not contained in the input flow variables.
2023-10-03 20:51:36,662 : WARN  : comm-pool-thread-14 :  : Node : Feature Selection Loop End : 3:12 : The defined score variable "" is not contained in the input flow variables.
2023-10-03 20:51:38,858 : WARN  : KNIME-Worker-4-Feature Selection Loop Start (1:1) 3:11 :  : Node : Feature Selection Loop End : 3:12 : The defined score variable "" is not contained in the input flow variables.
2023-10-03 20:51:39,005 : WARN  : KNIME-Worker-4-Scorer 3:9 :  : Node : Feature Selection Loop End : 3:12 : The defined score variable "" is not contained in the input flow variables.
2023-10-03 20:51:44,689 : WARN  : main :  : Node : Table Writer : 3:13 : Please specify a file
2023-10-03 20:51:45,243 : WARN  : main :  : Node : Table Writer : 3:13 : Please specify a file
2023-10-03 20:51:47,423 : WARN  : comm-pool-thread-14 :  : Node : Table Writer : 3:13 : Please specify a file
2023-10-03 20:51:47,425 : WARN  : comm-pool-thread-14 :  : Node : Table Writer : 3:13 : Please specify a file
2023-10-03 20:52:06,877 : WARN  : KNIME-Worker-4-Feature Selection Loop End 3:12 :  : Node : Table Writer : 3:13 : Please specify a file
2023-10-03 20:59:21,989 : WARN  : main :  : Node : Feature Selection Loop Start (1:1) : 3:11 : No constant columns selected. Are you sure you don't need a target column?
2023-10-03 20:59:22,549 : WARN  : main :  : Node : Feature Selection Loop Start (1:1) : 3:11 : No constant columns selected. Are you sure you don't need a target column?
2023-10-03 20:59:24,580 : WARN  : comm-pool-thread-16 :  : Node : Feature Selection Loop Start (1:1) : 3:11 : No constant columns selected. Are you sure you don't need a target column?
2023-10-03 20:59:24,582 : WARN  : comm-pool-thread-16 :  : Node : Feature Selection Loop Start (1:1) : 3:11 : No constant columns selected. Are you sure you don't need a target column?
2023-10-03 20:59:25,314 : WARN  : KNIME-Worker-6-CSV Reader 3:2 :  : Node : Feature Selection Loop Start (1:1) : 3:11 : No constant columns selected. Are you sure you don't need a target column?
2023-10-03 20:59:25,385 : WARN  : KNIME-Worker-7-Excel Reader 3:1 :  : Node : Feature Selection Loop Start (1:1) : 3:11 : No constant columns selected. Are you sure you don't need a target column?
2023-10-03 20:59:25,400 : WARN  : KNIME-Worker-7-Numeric Binner 3:4 :  : Node : Feature Selection Loop Start (1:1) : 3:11 : No constant columns selected. Are you sure you don't need a target column?
2023-10-03 20:59:26,806 : WARN  : KNIME-Worker-6-Feature Selection Loop Start (1:1) 3:11 :  : Node : Decision Tree Learner : 3:5 : Class column "Churn" not found or incompatible
2023-10-03 20:59:26,811 : WARN  : KNIME-Worker-7-Partitioning 3:6 :  : Node : Decision Tree Learner : 3:5 : Class column "Churn" not found or incompatible
2023-10-03 21:00:12,339 : WARN  : main :  : Node : Feature Selection Loop Start (1:1) : 3:11 : No constant columns selected. Are you sure you don't need a target column?
2023-10-03 21:00:12,952 : WARN  : main :  : Node : Feature Selection Loop Start (1:1) : 3:11 : No constant columns selected. Are you sure you don't need a target column?
2023-10-03 21:00:31,790 : WARN  : comm-pool-thread-16 :  : Node : Feature Selection Loop Start (1:1) : 3:11 : No constant columns selected. Are you sure you don't need a target column?
2023-10-03 21:00:33,329 : WARN  : KNIME-Worker-6-CSV Reader 3:2 :  : Node : Feature Selection Loop Start (1:1) : 3:11 : No constant columns selected. Are you sure you don't need a target column?
2023-10-03 21:00:33,407 : WARN  : KNIME-Worker-7-Excel Reader 3:1 :  : Node : Feature Selection Loop Start (1:1) : 3:11 : No constant columns selected. Are you sure you don't need a target column?
2023-10-03 21:00:33,421 : WARN  : KNIME-Worker-7-Numeric Binner 3:4 :  : Node : Feature Selection Loop Start (1:1) : 3:11 : No constant columns selected. Are you sure you don't need a target column?
2023-10-03 21:00:34,933 : WARN  : KNIME-Worker-6-Feature Selection Loop Start (1:1) 3:11 :  : Node : Decision Tree Learner : 3:5 : Class column "Churn" not found or incompatible
2023-10-03 21:00:34,937 : WARN  : KNIME-Worker-7-Partitioning 3:6 :  : Node : Decision Tree Learner : 3:5 : Class column "Churn" not found or incompatible
2023-10-03 21:01:19,415 : WARN  : main :  : Node : Statistics : 3:13 : The selected column "Removed feature" does not exist in the table
2023-10-03 21:01:20,184 : WARN  : main :  : Node : Statistics : 3:13 : The selected column "Removed feature" does not exist in the table
2023-10-03 21:01:22,076 : WARN  : comm-pool-thread-16 :  : Node : Statistics : 3:13 : The selected column "Removed feature" does not exist in the table
2023-10-03 21:01:22,077 : WARN  : comm-pool-thread-16 :  : Node : Statistics : 3:13 : The selected column "Removed feature" does not exist in the table
2023-10-03 21:01:39,064 : WARN  : KNIME-Worker-7-Feature Selection Loop End 3:12 :  : Node : Statistics : 3:13 : The selected column "Removed feature" does not exist in the table
2023-10-03 21:03:41,239 : ERROR : main :  : CEFNodeView :  :  : TypeError: Cannot read properties of undefined (reading 'map') (source: http://org.knime.js.pagebuilder/org/knime/core/ui/pagebuilder/app/assets/apWrapper-6b011fa9.js; line: 1)
2023-10-03 21:03:41,240 : ERROR : main :  : CEFNodeView :  :  : TypeError: Failed to execute 'observe' on 'ResizeObserver': parameter 1 is not of type 'Element'. (source: http://org.knime.js.pagebuilder/org/knime/core/ui/pagebuilder/app/assets/apWrapper-6b011fa9.js; line: 1)
2023-10-03 21:03:41,253 : ERROR : main :  : CEFNodeView :  :  : Uncaught (in promise) TypeError: Failed to execute 'observe' on 'ResizeObserver': parameter 1 is not of type 'Element'. (source: http://org.knime.core.ui.view/uiext/tableview/TableView.umd.js; line: 10)
2023-10-03 21:04:02,696 : WARN  : main :  : Node : Statistics : 3:13 : The selected column "Removed feature" does not exist in the table
2023-10-03 21:04:05,267 : WARN  : main :  : Node : Statistics : 3:13 : The selected column "Removed feature" does not exist in the table
2023-10-03 21:04:07,390 : WARN  : comm-pool-thread-16 :  : Node : Statistics : 3:13 : The selected column "Removed feature" does not exist in the table
2023-10-03 21:04:07,393 : WARN  : comm-pool-thread-16 :  : Node : Statistics : 3:13 : The selected column "Removed feature" does not exist in the table
2023-10-03 21:04:12,691 : WARN  : KNIME-Worker-7-Feature Selection Loop End 3:12 :  : Node : Statistics : 3:13 : The selected column "Removed feature" does not exist in the table
2023-10-03 21:04:34,300 : WARN  : main :  : Node : Statistics : 3:13 : The selected column "Removed feature" does not exist in the table
2023-10-03 21:04:34,797 : WARN  : main :  : Node : Statistics : 3:13 : The selected column "Removed feature" does not exist in the table
2023-10-03 21:04:36,105 : WARN  : comm-pool-thread-16 :  : Node : Statistics : 3:13 : The selected column "Removed feature" does not exist in the table
2023-10-03 21:04:36,106 : WARN  : comm-pool-thread-16 :  : Node : Statistics : 3:13 : The selected column "Removed feature" does not exist in the table
2023-10-03 21:04:40,385 : WARN  : KNIME-Worker-7-Feature Selection Loop End 3:12 :  : Node : Statistics : 3:13 : The selected column "Removed feature" does not exist in the table
2023-10-03 21:04:59,988 : WARN  : main :  : Node : Statistics : 3:13 : The selected column "Removed feature" does not exist in the table
2023-10-03 21:05:00,834 : WARN  : main :  : Node : Statistics : 3:13 : The selected column "Removed feature" does not exist in the table
2023-10-03 21:05:02,119 : WARN  : comm-pool-thread-16 :  : Node : Statistics : 3:13 : The selected column "Removed feature" does not exist in the table
2023-10-03 21:05:02,121 : WARN  : comm-pool-thread-16 :  : Node : Statistics : 3:13 : The selected column "Removed feature" does not exist in the table
2023-10-03 21:05:17,084 : WARN  : KNIME-Worker-7-Feature Selection Loop End 3:12 :  : Node : Statistics : 3:13 : The selected column "Removed feature" does not exist in the table
2023-10-03 21:06:15,773 : WARN  : main :  : Node : Statistics : 3:13 : The selected column "Removed feature" does not exist in the table
2023-10-03 21:06:15,774 : WARN  : main :  : Node : Feature Selection Loop End : 3:12 : The defined score variable "0.0" is not contained in the input flow variables.
2023-10-03 21:06:16,296 : WARN  : main :  : Node : Feature Selection Loop End : 3:12 : The defined score variable "0.0" is not contained in the input flow variables.
2023-10-03 21:06:17,362 : WARN  : KNIME-Worker-7-Feature Selection Loop Start (1:1) 3:11 :  : Node : Feature Selection Loop End : 3:12 : The defined score variable "0.0" is not contained in the input flow variables.
2023-10-03 21:06:17,375 : WARN  : KNIME-Worker-8-Scorer 3:9 :  : Node : Feature Selection Loop End : 3:12 : The defined score variable "0.868" is not contained in the input flow variables.
2023-10-03 21:06:27,661 : WARN  : main :  : Node : Statistics : 3:13 : The selected column "Removed feature" does not exist in the table
2023-10-03 21:06:28,177 : WARN  : main :  : Node : Statistics : 3:13 : The selected column "Removed feature" does not exist in the table
2023-10-03 21:06:28,532 : WARN  : main :  : Node : Statistics : 3:13 : The selected column "Removed feature" does not exist in the table
2023-10-03 21:06:29,322 : WARN  : main :  : Node : Statistics : 3:13 : The selected column "Removed feature" does not exist in the table
2023-10-03 21:06:30,607 : WARN  : comm-pool-thread-16 :  : Node : Statistics : 3:13 : The selected column "Removed feature" does not exist in the table
2023-10-03 21:06:30,608 : WARN  : comm-pool-thread-16 :  : Node : Statistics : 3:13 : The selected column "Removed feature" does not exist in the table
2023-10-03 21:06:45,299 : WARN  : KNIME-Worker-6-Feature Selection Loop End 3:12 :  : Node : Statistics : 3:13 : The selected column "Removed feature" does not exist in the table
2023-10-03 21:07:16,604 : WARN  : main :  : Node : Statistics : 3:13 : The selected column "Removed feature" does not exist in the table
2023-10-03 21:07:16,605 : WARN  : main :  : Node : Statistics : 3:13 : The selected column "Removed feature" does not exist in the table
2023-10-03 21:07:17,131 : WARN  : main :  : Node : Statistics : 3:13 : The selected column "Removed feature" does not exist in the table
2023-10-03 21:07:18,711 : WARN  : comm-pool-thread-16 :  : Node : Statistics : 3:13 : The selected column "Removed feature" does not exist in the table
2023-10-03 21:07:18,712 : WARN  : comm-pool-thread-16 :  : Node : Statistics : 3:13 : The selected column "Removed feature" does not exist in the table
2023-10-03 21:07:35,605 : WARN  : KNIME-Worker-6-Feature Selection Loop End 3:12 :  : Node : Statistics : 3:13 : The selected column "Removed feature" does not exist in the table
2023-10-03 21:07:52,474 : WARN  : main :  : Node : Statistics : 3:13 : The selected column "Removed feature" does not exist in the table
2023-10-03 21:07:52,476 : WARN  : main :  : Node : Statistics : 3:13 : The selected column "Removed feature" does not exist in the table
2023-10-03 21:07:52,973 : WARN  : main :  : Node : Statistics : 3:13 : The selected column "Removed feature" does not exist in the table
2023-10-03 21:07:54,605 : WARN  : comm-pool-thread-16 :  : Node : Statistics : 3:13 : The selected column "Removed feature" does not exist in the table
2023-10-03 21:07:54,607 : WARN  : comm-pool-thread-16 :  : Node : Statistics : 3:13 : The selected column "Removed feature" does not exist in the table
2023-10-03 21:08:11,916 : WARN  : KNIME-Worker-6-Feature Selection Loop End 3:12 :  : Node : Statistics : 3:13 : The selected column "Removed feature" does not exist in the table
2023-10-03 23:06:32,809 : WARN  : main :  : ImportURI :  :  : Can't import object from URI 'Seguir as práticas de bons-hábitos na construção de
workflows'. Not a valid URL nor a valid path.
java.net.URISyntaxException: Illegal character in path at index 6: Seguir as práticas de bons-hábitos na construção de
workflows
	at java.base/java.net.URI$Parser.fail(Unknown Source)
	at java.base/java.net.URI$Parser.checkChars(Unknown Source)
	at java.base/java.net.URI$Parser.parseHierarchical(Unknown Source)
	at java.base/java.net.URI$Parser.parse(Unknown Source)
	at java.base/java.net.URI.<init>(Unknown Source)
	at org.knime.ui.java.api.ImportURI.getEntityImport(ImportURI.java:152)
	at org.knime.ui.java.api.ImportURI.importURIAtWorkflowCanvas(ImportURI.java:240)
	at org.knime.ui.java.api.ImportAPI.importURIAtWorkflowCanvas(ImportAPI.java:123)
	at java.base/jdk.internal.reflect.NativeMethodAccessorImpl.invoke0(Native Method)
	at java.base/jdk.internal.reflect.NativeMethodAccessorImpl.invoke(Unknown Source)
	at java.base/jdk.internal.reflect.DelegatingMethodAccessorImpl.invoke(Unknown Source)
	at java.base/java.lang.reflect.Method.invoke(Unknown Source)
	at org.knime.ui.java.api.DesktopAPI.lambda$0(DesktopAPI.java:128)
	at org.knime.ui.java.browser.KnimeBrowserFunction.function(KnimeBrowserFunction.java:80)
	at com.equo.chromium.swt.internal.Chromium$FunctionsResourceHandler.lambda$0(Chromium.java:359)
	at org.eclipse.swt.widgets.RunnableLock.run(RunnableLock.java:40)
	at org.eclipse.swt.widgets.Synchronizer.runAsyncMessages(Synchronizer.java:132)
	at org.eclipse.swt.widgets.Display.runAsyncMessages(Display.java:4029)
	at org.eclipse.swt.widgets.Display.readAndDispatch(Display.java:3645)
	at org.eclipse.e4.ui.internal.workbench.swt.PartRenderingEngine$5.run(PartRenderingEngine.java:1155)
	at org.eclipse.core.databinding.observable.Realm.runWithDefault(Realm.java:338)
	at org.eclipse.e4.ui.internal.workbench.swt.PartRenderingEngine.run(PartRenderingEngine.java:1046)
	at org.eclipse.e4.ui.internal.workbench.E4Workbench.createAndRunUI(E4Workbench.java:155)
	at org.eclipse.ui.internal.Workbench.lambda$3(Workbench.java:643)
	at org.eclipse.core.databinding.observable.Realm.runWithDefault(Realm.java:338)
	at org.eclipse.ui.internal.Workbench.createAndRunWorkbench(Workbench.java:550)
	at org.eclipse.ui.PlatformUI.createAndRunWorkbench(PlatformUI.java:171)
	at org.knime.product.rcp.KNIMEApplication.start(KNIMEApplication.java:193)
	at org.eclipse.equinox.internal.app.EclipseAppHandle.run(EclipseAppHandle.java:203)
	at org.eclipse.core.runtime.internal.adaptor.EclipseAppLauncher.runApplication(EclipseAppLauncher.java:136)
	at org.eclipse.core.runtime.internal.adaptor.EclipseAppLauncher.start(EclipseAppLauncher.java:104)
	at org.eclipse.core.runtime.adaptor.EclipseStarter.run(EclipseStarter.java:402)
	at org.eclipse.core.runtime.adaptor.EclipseStarter.run(EclipseStarter.java:255)
	at java.base/jdk.internal.reflect.NativeMethodAccessorImpl.invoke0(Native Method)
	at java.base/jdk.internal.reflect.NativeMethodAccessorImpl.invoke(Unknown Source)
	at java.base/jdk.internal.reflect.DelegatingMethodAccessorImpl.invoke(Unknown Source)
	at java.base/java.lang.reflect.Method.invoke(Unknown Source)
	at org.eclipse.equinox.launcher.Main.invokeFramework(Main.java:659)
	at org.eclipse.equinox.launcher.Main.basicRun(Main.java:596)
	at org.eclipse.equinox.launcher.Main.run(Main.java:1467)
2023-10-03 23:19:53,948 : WARN  : comm-pool-thread-15 :  : Node : Image Writer (Port) : 3:16 : Please specify a file
2023-10-03 23:20:02,843 : WARN  : main :  : Node : Image Writer (Port) : 3:16 : Please specify a file
2023-10-03 23:20:03,629 : WARN  : main :  : Node : Image Writer (Port) : 3:16 : Please specify a file
2023-10-23 18:05:51,293 : WARN  : comm-pool-thread-3 :  : Node : File Reader : 3:1 : Please specify a file
2023-10-23 18:06:18,948 : ERROR : comm-pool-thread-4 :  : InitialDataService :  :  : {"internalError":{"typeName":"com.fasterxml.jackson.databind.JsonMappingException","message":"(was java.util.ConcurrentModificationException) (through reference chain: org.knime.core.webui.node.view.table.data.TableViewInitialDataImpl[\"dataTypes\"])","stackTrace":["com.fasterxml.jackson.databind.JsonMappingException.wrapWithPath(JsonMappingException.java:392)","com.fasterxml.jackson.databind.JsonMappingException.wrapWithPath(JsonMappingException.java:351)","com.fasterxml.jackson.databind.ser.std.StdSerializer.wrapAndThrow(StdSerializer.java:316)","com.fasterxml.jackson.databind.ser.std.BeanSerializerBase.serializeFields(BeanSerializerBase.java:782)","com.fasterxml.jackson.databind.ser.BeanSerializer.serialize(BeanSerializer.java:178)","com.fasterxml.jackson.databind.ser.DefaultSerializerProvider._serialize(DefaultSerializerProvider.java:480)","com.fasterxml.jackson.databind.ser.DefaultSerializerProvider.serializeValue(DefaultSerializerProvider.java:319)","com.fasterxml.jackson.databind.ObjectMapper._writeValueAndClose(ObjectMapper.java:4568)","com.fasterxml.jackson.databind.ObjectMapper.writeValueAsString(ObjectMapper.java:3821)","org.knime.core.webui.node.dialog.defaultdialog.DefaultNodeSettingsSerializer.serialize(DefaultNodeSettingsSerializer.java:76)","org.knime.core.webui.data.InitialDataService.getInitialData(InitialDataService.java:115)","org.knime.core.webui.node.AbstractNodeUIManager.callInitialDataService(AbstractNodeUIManager.java:170)","org.knime.gateway.api.entity.NodeUIExtensionEnt.<init>(NodeUIExtensionEnt.java:118)","org.knime.gateway.api.entity.NodeUIExtensionEnt.<init>(NodeUIExtensionEnt.java:88)","org.knime.gateway.api.entity.PortViewEnt.<init>(PortViewEnt.java:67)","org.knime.gateway.impl.webui.service.DefaultPortService.getPortView(DefaultPortService.java:129)","org.knime.gateway.impl.webui.jsonrpc.service.JsonRpcPortServiceWrapper.getPortView(JsonRpcPortServiceWrapper.java:100)","java.base/jdk.internal.reflect.NativeMethodAccessorImpl.invoke0(Native Method)","java.base/jdk.internal.reflect.NativeMethodAccessorImpl.invoke(Unknown Source)","java.base/jdk.internal.reflect.DelegatingMethodAccessorImpl.invoke(Unknown Source)","java.base/java.lang.reflect.Method.invoke(Unknown Source)","com.googlecode.jsonrpc4j.JsonRpcBasicServer.invoke(JsonRpcBasicServer.java:478)","com.googlecode.jsonrpc4j.JsonRpcBasicServer.handleObject(JsonRpcBasicServer.java:349)","com.googlecode.jsonrpc4j.JsonRpcBasicServer.handleJsonNodeRequest(JsonRpcBasicServer.java:274)","com.googlecode.jsonrpc4j.JsonRpcBasicServer.handleRequest(JsonRpcBasicServer.java:242)","org.knime.gateway.impl.jsonrpc.JsonRpcRequestHandler.handle(JsonRpcRequestHandler.java:104)","org.knime.ui.java.browser.lifecycle.Init.lambda$5(Init.java:243)","com.equo.comm.common.MessageHandler.processReceivedEventMessage(MessageHandler.java:131)","com.equo.comm.ee.provider.service.ChromiumService.receiveMessage(ChromiumService.java:98)","com.equo.comm.ee.provider.CommunicationManagerChromiumImpl.receiveMessage(CommunicationManagerChromiumImpl.java:48)","com.equo.chromium.swt.internal.spi.CommRouterHandler.handleRequest(CommRouterHandler.java:35)","com.equo.chromium.swt.internal.spi.CommRouterHandler.lambda$1(CommRouterHandler.java:53)","java.base/java.util.concurrent.ThreadPoolExecutor.runWorker(Unknown Source)","java.base/java.util.concurrent.ThreadPoolExecutor$Worker.run(Unknown Source)","java.base/java.lang.Thread.run(Unknown Source)"]}}
2023-10-23 18:08:31,465 : WARN  : comm-pool-thread-3 :  : Node : Table Reader : 3:1 : Please specify a file
2023-10-23 18:21:15,749 : WARN  : comm-pool-thread-9 :  : Node : Rank Correlation : 3:3 : Auto configuration: Using all suitable columns (in total 16)
2023-10-23 18:24:14,763 : WARN  : comm-pool-thread-9 :  : Node : Scorer : 3:8 : No columns selected yet.
2023-10-23 18:24:16,565 : WARN  : comm-pool-thread-9 :  : Node : Scorer : 3:8 : No columns selected yet.
2023-10-23 18:24:17,646 : WARN  : KNIME-Worker-6-Table Reader 3:1 :  : Node : Scorer : 3:8 : No columns selected yet.
2023-10-23 18:40:40,699 : WARN  : comm-pool-thread-16 :  : Node : GroupBy : 3:9 : No grouping column included. Aggregate complete table.
2023-10-23 18:40:40,699 : WARN  : comm-pool-thread-16 :  : Node : GroupBy : 3:9 : No aggregation column defined
2023-10-23 18:40:40,700 : WARN  : comm-pool-thread-16 :  : Node : GroupBy : 3:9 : Please select at least one group or aggregation column
2023-10-23 18:40:49,279 : WARN  : main :  : Node : GroupBy : 3:9 : No aggregation column defined
2023-10-23 18:40:49,279 : WARN  : main :  : Node : GroupBy : 3:9 : All columns selected as group by column
2023-10-23 18:40:49,926 : WARN  : main :  : Node : GroupBy : 3:9 : No aggregation column defined
2023-10-23 18:40:49,927 : WARN  : main :  : Node : GroupBy : 3:9 : All columns selected as group by column
2023-10-23 18:41:05,343 : WARN  : comm-pool-thread-16 :  : Node : GroupBy : 3:9 : No aggregation column defined
2023-10-23 18:41:05,344 : WARN  : comm-pool-thread-16 :  : Node : GroupBy : 3:9 : All columns selected as group by column
2023-10-23 18:41:06,041 : WARN  : KNIME-Worker-14-Table Reader 3:1 :  : Node : GroupBy : 3:9 : No aggregation column defined
2023-10-23 18:41:06,042 : WARN  : KNIME-Worker-14-Table Reader 3:1 :  : Node : GroupBy : 3:9 : All columns selected as group by column
2023-10-23 18:46:00,477 : ERROR : main :  : CEFNodeView :  :  : TypeError: Cannot read properties of undefined (reading 'map') (source: http://org.knime.js.pagebuilder/org/knime/core/ui/pagebuilder/app/assets/apWrapper-6b011fa9.js; line: 1)
2023-10-23 18:46:00,487 : ERROR : main :  : CEFNodeView :  :  : TypeError: Failed to execute 'observe' on 'ResizeObserver': parameter 1 is not of type 'Element'. (source: http://org.knime.js.pagebuilder/org/knime/core/ui/pagebuilder/app/assets/apWrapper-6b011fa9.js; line: 1)
2023-10-23 18:46:00,502 : ERROR : main :  : CEFNodeView :  :  : Uncaught (in promise) TypeError: Failed to execute 'observe' on 'ResizeObserver': parameter 1 is not of type 'Element'. (source: http://org.knime.core.ui.view/uiext/tableview/TableView.umd.js; line: 10)
2023-10-23 18:48:40,179 : WARN  : comm-pool-thread-19 :  : Node : GroupBy : 3:9 : No grouping column included. Aggregate complete table.
2023-10-23 18:48:40,180 : WARN  : comm-pool-thread-19 :  : Node : GroupBy : 3:9 : No aggregation column defined
2023-10-23 18:48:40,180 : WARN  : comm-pool-thread-19 :  : Node : GroupBy : 3:9 : Please select at least one group or aggregation column
2023-10-23 18:48:50,684 : WARN  : main :  : Node : GroupBy : 3:9 : No aggregation column defined
2023-10-23 18:48:50,684 : WARN  : main :  : Node : GroupBy : 3:9 : All columns selected as group by column
2023-10-23 18:48:51,213 : WARN  : main :  : Node : GroupBy : 3:9 : No aggregation column defined
2023-10-23 18:48:51,213 : WARN  : main :  : Node : GroupBy : 3:9 : All columns selected as group by column
2023-10-23 18:49:01,743 : WARN  : comm-pool-thread-19 :  : Node : Column Aggregator : 3:10 : No aggregation method specified. At least one aggregation method is required to perform an aggregation.
2023-10-23 18:49:03,618 : WARN  : KNIME-Worker-18-GroupBy 3:9 :  : Node : Column Aggregator : 3:10 : No aggregation method specified. At least one aggregation method is required to perform an aggregation.
2023-10-23 18:49:09,343 : WARN  : main :  : WrappedNodeDialog : Column Aggregator : 3:10 : failed to apply settings: No aggregation method specified. At least one aggregation method is required to perform an aggregation.
org.knime.core.node.InvalidSettingsException: No aggregation method specified. At least one aggregation method is required to perform an aggregation.
	at org.knime.core.node.util.CheckUtils.checkSetting(CheckUtils.java:272)
	at org.knime.core.node.util.CheckUtils.checkSetting(CheckUtils.java:222)
	at org.knime.base.node.preproc.columnaggregator.ColumnAggregatorNodeModel.validateSettings(ColumnAggregatorNodeModel.java:280)
	at org.knime.core.node.Node.validateModelSettings(Node.java:696)
	at org.knime.core.node.workflow.NativeNodeContainer.performValidateSettings(NativeNodeContainer.java:1184)
	at org.knime.core.node.workflow.SingleNodeContainer.validateSettings(SingleNodeContainer.java:1000)
	at org.knime.core.node.workflow.WorkflowManager.loadNodeSettings(WorkflowManager.java:2177)
	at org.knime.core.node.workflow.NodeContainer.applySettingsFromDialog(NodeContainer.java:1141)
	at org.knime.core.ui.wrapper.NodeContainerWrapper.applySettingsFromDialog(NodeContainerWrapper.java:264)
	at org.knime.workbench.ui.wrapper.WrappedNodeDialog.callApplySettingsFromDialog(WrappedNodeDialog.java:672)
	at org.knime.workbench.ui.wrapper.WrappedNodeDialog.doApply(WrappedNodeDialog.java:644)
	at org.knime.workbench.ui.wrapper.WrappedNodeDialog$6.widgetSelected(WrappedNodeDialog.java:510)
	at org.eclipse.swt.widgets.TypedListener.handleEvent(TypedListener.java:252)
	at org.eclipse.swt.widgets.EventTable.sendEvent(EventTable.java:89)
	at org.eclipse.swt.widgets.Display.sendEvent(Display.java:4256)
	at org.eclipse.swt.widgets.Widget.sendEvent(Widget.java:1066)
	at org.eclipse.swt.widgets.Display.runDeferredEvents(Display.java:4054)
	at org.eclipse.swt.widgets.Display.readAndDispatch(Display.java:3642)
	at org.eclipse.jface.window.Window.runEventLoop(Window.java:823)
	at org.eclipse.jface.window.Window.open(Window.java:799)
	at org.knime.workbench.ui.wrapper.WrappedNodeDialog.open(WrappedNodeDialog.java:199)
	at org.knime.workbench.editor2.editparts.NodeContainerEditPart.openDialog(NodeContainerEditPart.java:957)
	at org.knime.workbench.editor2.editparts.NodeContainerEditPart.openNodeDialog(NodeContainerEditPart.java:864)
	at org.knime.ui.java.api.NodeAPI.openNodeDialog(NodeAPI.java:95)
	at jdk.internal.reflect.GeneratedMethodAccessor256.invoke(Unknown Source)
	at java.base/jdk.internal.reflect.DelegatingMethodAccessorImpl.invoke(Unknown Source)
	at java.base/java.lang.reflect.Method.invoke(Unknown Source)
	at org.knime.ui.java.api.DesktopAPI.lambda$0(DesktopAPI.java:128)
	at org.knime.ui.java.browser.KnimeBrowserFunction.function(KnimeBrowserFunction.java:80)
	at com.equo.chromium.swt.internal.Chromium$FunctionsResourceHandler.lambda$0(Chromium.java:359)
	at org.eclipse.swt.widgets.RunnableLock.run(RunnableLock.java:40)
	at org.eclipse.swt.widgets.Synchronizer.runAsyncMessages(Synchronizer.java:132)
	at org.eclipse.swt.widgets.Display.runAsyncMessages(Display.java:4029)
	at org.eclipse.swt.widgets.Display.readAndDispatch(Display.java:3645)
	at org.eclipse.e4.ui.internal.workbench.swt.PartRenderingEngine$5.run(PartRenderingEngine.java:1155)
	at org.eclipse.core.databinding.observable.Realm.runWithDefault(Realm.java:338)
	at org.eclipse.e4.ui.internal.workbench.swt.PartRenderingEngine.run(PartRenderingEngine.java:1046)
	at org.eclipse.e4.ui.internal.workbench.E4Workbench.createAndRunUI(E4Workbench.java:155)
	at org.eclipse.ui.internal.Workbench.lambda$3(Workbench.java:643)
	at org.eclipse.core.databinding.observable.Realm.runWithDefault(Realm.java:338)
	at org.eclipse.ui.internal.Workbench.createAndRunWorkbench(Workbench.java:550)
	at org.eclipse.ui.PlatformUI.createAndRunWorkbench(PlatformUI.java:171)
	at org.knime.product.rcp.KNIMEApplication.start(KNIMEApplication.java:193)
	at org.eclipse.equinox.internal.app.EclipseAppHandle.run(EclipseAppHandle.java:203)
	at org.eclipse.core.runtime.internal.adaptor.EclipseAppLauncher.runApplication(EclipseAppLauncher.java:136)
	at org.eclipse.core.runtime.internal.adaptor.EclipseAppLauncher.start(EclipseAppLauncher.java:104)
	at org.eclipse.core.runtime.adaptor.EclipseStarter.run(EclipseStarter.java:402)
	at org.eclipse.core.runtime.adaptor.EclipseStarter.run(EclipseStarter.java:255)
	at java.base/jdk.internal.reflect.NativeMethodAccessorImpl.invoke0(Native Method)
	at java.base/jdk.internal.reflect.NativeMethodAccessorImpl.invoke(Unknown Source)
	at java.base/jdk.internal.reflect.DelegatingMethodAccessorImpl.invoke(Unknown Source)
	at java.base/java.lang.reflect.Method.invoke(Unknown Source)
	at org.eclipse.equinox.launcher.Main.invokeFramework(Main.java:659)
	at org.eclipse.equinox.launcher.Main.basicRun(Main.java:596)
	at org.eclipse.equinox.launcher.Main.run(Main.java:1467)
2023-10-23 18:49:15,308 : WARN  : main :  : WrappedNodeDialog : Column Aggregator : 3:10 : failed to apply settings: No aggregation method specified. At least one aggregation method is required to perform an aggregation.
org.knime.core.node.InvalidSettingsException: No aggregation method specified. At least one aggregation method is required to perform an aggregation.
	at org.knime.core.node.util.CheckUtils.checkSetting(CheckUtils.java:272)
	at org.knime.core.node.util.CheckUtils.checkSetting(CheckUtils.java:222)
	at org.knime.base.node.preproc.columnaggregator.ColumnAggregatorNodeModel.validateSettings(ColumnAggregatorNodeModel.java:280)
	at org.knime.core.node.Node.validateModelSettings(Node.java:696)
	at org.knime.core.node.workflow.NativeNodeContainer.performValidateSettings(NativeNodeContainer.java:1184)
	at org.knime.core.node.workflow.SingleNodeContainer.validateSettings(SingleNodeContainer.java:1000)
	at org.knime.core.node.workflow.WorkflowManager.loadNodeSettings(WorkflowManager.java:2177)
	at org.knime.core.node.workflow.NodeContainer.applySettingsFromDialog(NodeContainer.java:1141)
	at org.knime.core.ui.wrapper.NodeContainerWrapper.applySettingsFromDialog(NodeContainerWrapper.java:264)
	at org.knime.workbench.ui.wrapper.WrappedNodeDialog.callApplySettingsFromDialog(WrappedNodeDialog.java:672)
	at org.knime.workbench.ui.wrapper.WrappedNodeDialog.doApply(WrappedNodeDialog.java:644)
	at org.knime.workbench.ui.wrapper.WrappedNodeDialog$6.widgetSelected(WrappedNodeDialog.java:510)
	at org.eclipse.swt.widgets.TypedListener.handleEvent(TypedListener.java:252)
	at org.eclipse.swt.widgets.EventTable.sendEvent(EventTable.java:89)
	at org.eclipse.swt.widgets.Display.sendEvent(Display.java:4256)
	at org.eclipse.swt.widgets.Widget.sendEvent(Widget.java:1066)
	at org.eclipse.swt.widgets.Display.runDeferredEvents(Display.java:4054)
	at org.eclipse.swt.widgets.Display.readAndDispatch(Display.java:3642)
	at org.eclipse.jface.window.Window.runEventLoop(Window.java:823)
	at org.eclipse.jface.window.Window.open(Window.java:799)
	at org.knime.workbench.ui.wrapper.WrappedNodeDialog.open(WrappedNodeDialog.java:199)
	at org.knime.workbench.editor2.editparts.NodeContainerEditPart.openDialog(NodeContainerEditPart.java:957)
	at org.knime.workbench.editor2.editparts.NodeContainerEditPart.openNodeDialog(NodeContainerEditPart.java:864)
	at org.knime.ui.java.api.NodeAPI.openNodeDialog(NodeAPI.java:95)
	at jdk.internal.reflect.GeneratedMethodAccessor256.invoke(Unknown Source)
	at java.base/jdk.internal.reflect.DelegatingMethodAccessorImpl.invoke(Unknown Source)
	at java.base/java.lang.reflect.Method.invoke(Unknown Source)
	at org.knime.ui.java.api.DesktopAPI.lambda$0(DesktopAPI.java:128)
	at org.knime.ui.java.browser.KnimeBrowserFunction.function(KnimeBrowserFunction.java:80)
	at com.equo.chromium.swt.internal.Chromium$FunctionsResourceHandler.lambda$0(Chromium.java:359)
	at org.eclipse.swt.widgets.RunnableLock.run(RunnableLock.java:40)
	at org.eclipse.swt.widgets.Synchronizer.runAsyncMessages(Synchronizer.java:132)
	at org.eclipse.swt.widgets.Display.runAsyncMessages(Display.java:4029)
	at org.eclipse.swt.widgets.Display.readAndDispatch(Display.java:3645)
	at org.eclipse.e4.ui.internal.workbench.swt.PartRenderingEngine$5.run(PartRenderingEngine.java:1155)
	at org.eclipse.core.databinding.observable.Realm.runWithDefault(Realm.java:338)
	at org.eclipse.e4.ui.internal.workbench.swt.PartRenderingEngine.run(PartRenderingEngine.java:1046)
	at org.eclipse.e4.ui.internal.workbench.E4Workbench.createAndRunUI(E4Workbench.java:155)
	at org.eclipse.ui.internal.Workbench.lambda$3(Workbench.java:643)
	at org.eclipse.core.databinding.observable.Realm.runWithDefault(Realm.java:338)
	at org.eclipse.ui.internal.Workbench.createAndRunWorkbench(Workbench.java:550)
	at org.eclipse.ui.PlatformUI.createAndRunWorkbench(PlatformUI.java:171)
	at org.knime.product.rcp.KNIMEApplication.start(KNIMEApplication.java:193)
	at org.eclipse.equinox.internal.app.EclipseAppHandle.run(EclipseAppHandle.java:203)
	at org.eclipse.core.runtime.internal.adaptor.EclipseAppLauncher.runApplication(EclipseAppLauncher.java:136)
	at org.eclipse.core.runtime.internal.adaptor.EclipseAppLauncher.start(EclipseAppLauncher.java:104)
	at org.eclipse.core.runtime.adaptor.EclipseStarter.run(EclipseStarter.java:402)
	at org.eclipse.core.runtime.adaptor.EclipseStarter.run(EclipseStarter.java:255)
	at java.base/jdk.internal.reflect.NativeMethodAccessorImpl.invoke0(Native Method)
	at java.base/jdk.internal.reflect.NativeMethodAccessorImpl.invoke(Unknown Source)
	at java.base/jdk.internal.reflect.DelegatingMethodAccessorImpl.invoke(Unknown Source)
	at java.base/java.lang.reflect.Method.invoke(Unknown Source)
	at org.eclipse.equinox.launcher.Main.invokeFramework(Main.java:659)
	at org.eclipse.equinox.launcher.Main.basicRun(Main.java:596)
	at org.eclipse.equinox.launcher.Main.run(Main.java:1467)
2023-10-23 18:49:44,868 : WARN  : comm-pool-thread-19 :  : Node : GroupBy : 3:9 : No aggregation column defined
2023-10-23 18:49:44,869 : WARN  : comm-pool-thread-19 :  : Node : GroupBy : 3:9 : All columns selected as group by column
2023-10-23 18:49:44,869 : WARN  : comm-pool-thread-19 :  : Node : Column Aggregator : 3:10 : No aggregation method specified. At least one aggregation method is required to perform an aggregation.
2023-10-23 18:49:46,133 : WARN  : KNIME-Worker-19-Table Reader 3:1 :  : Node : GroupBy : 3:9 : No aggregation column defined
2023-10-23 18:49:46,133 : WARN  : KNIME-Worker-19-Table Reader 3:1 :  : Node : GroupBy : 3:9 : All columns selected as group by column
2023-10-23 18:49:46,133 : WARN  : KNIME-Worker-19-Table Reader 3:1 :  : Node : Column Aggregator : 3:10 : No aggregation method specified. At least one aggregation method is required to perform an aggregation.
2023-10-23 18:49:46,209 : WARN  : KNIME-Worker-21-GroupBy 3:9 :  : Node : Column Aggregator : 3:10 : No aggregation method specified. At least one aggregation method is required to perform an aggregation.
