2023-07-12 09:17:35,051 : WARN  : ModalContext :  : FileNodePersistor : MISSING Topic Extractor (Parallel LDA) : 4:15 : Unable to load port content for node "MISSING Topic Extractor (Parallel LDA)": Invalid outport index in settings: 3
org.knime.core.node.InvalidSettingsException: Invalid outport index in settings: 3
	at org.knime.core.node.FileNodePersistor.loadPorts(FileNodePersistor.java:325)
	at org.knime.core.node.FileNodePersistor.load(FileNodePersistor.java:996)
	at org.knime.core.node.workflow.FileNativeNodeContainerPersistor.loadNCAndWashModelSettings(FileNativeNodeContainerPersistor.java:255)
	at org.knime.core.node.workflow.FileSingleNodeContainerPersistor.loadNodeContainer(FileSingleNodeContainerPersistor.java:267)
	at org.knime.core.node.workflow.WorkflowManager.postLoad(WorkflowManager.java:8842)
	at org.knime.core.node.workflow.WorkflowManager.loadContent(WorkflowManager.java:8744)
	at org.knime.core.node.workflow.WorkflowManager.postLoad(WorkflowManager.java:8858)
	at org.knime.core.node.workflow.WorkflowManager.loadContent(WorkflowManager.java:8744)
	at org.knime.core.node.workflow.WorkflowManager.load(WorkflowManager.java:8607)
	at org.knime.core.node.workflow.WorkflowManager.load(WorkflowManager.java:8528)
	at org.knime.core.node.workflow.WorkflowManager.load(WorkflowManager.java:8501)
	at org.knime.core.node.workflow.WorkflowManager.loadProject(WorkflowManager.java:8346)
	at org.knime.workbench.editor2.LoadWorkflowRunnable.run(LoadWorkflowRunnable.java:192)
	at org.knime.ui.java.util.DesktopAPUtil.loadWorkflow(DesktopAPUtil.java:134)
	at org.knime.ui.java.util.DesktopAPUtil.loadWorkflow(DesktopAPUtil.java:108)
	at org.knime.ui.java.api.OpenWorkflow.openWorkflowInWebUIOnly(OpenWorkflow.java:230)
	at org.knime.ui.java.api.OpenWorkflow.lambda$0(OpenWorkflow.java:213)
	at org.knime.ui.java.util.DesktopAPUtil.lambda$6(DesktopAPUtil.java:255)
	at org.eclipse.jface.operation.ModalContext$ModalContextThread.run(ModalContext.java:122)
